voice/20190222143728_82.wav-切换为桌面模式-11
voice/20190222164515_25.wav-嗯嗯-0
voice/20190222172014_15.wav-tell her-42
voice/20190222172027_81.wav-changed to desktop mode-11
voice/20190222172259_97.wav-choice-24
voice/20190222173012_57.wav-poor-0
voice/20190222173029_16.wav-shrugged wah-42
voice/20190222173043_35.wav-rotation-73
voice/20190222174318_63.wav-for-781
voice/20190222174340_96.wav-toy-0
voice/20190222174354_65.wav-twig-0
voice/20190222193102_91.wav-Sean-0
voice/20190222193113_88.wav-sugar-0
voice/20190222201533_82.wav-teacher-42
voice/20190222201635_72.wav-rotation-73
voice/20190222232059_69.wav-haa-0
voice/20190222232639_85.wav-haa-0
voice/20190222234657_95.wav-hey-0
voice/20190222235748_41.wav-rotation-73
voice/20190223001312_98.wav-rotation-73
